<?xml version="1.0" encoding="UTF-8"?>
<!-- Generated by org.testng.reporters.JUnitReportReporter -->
<testsuite skipped="0" hostname="CBT-MH-000" name="project.PHPTravelers.Registration_Test" tests="1" failures="0" timestamp="31 Oct 2019 06:25:27 GMT" time="22.677" errors="0">
  <testcase name="userRegistration" time="22.677" classname="project.PHPTravelers.Registration_Test"/>
</testsuite> <!-- project.PHPTravelers.Registration_Test -->
