<?xml version="1.0" encoding="UTF-8"?>
<!-- Generated by org.testng.reporters.JUnitReportReporter -->
<testsuite hostname="CBT-MH-000" name="project.PHPTravelers.Login_Test" tests="1" failures="0" timestamp="31 Oct 2019 09:12:09 GMT" time="16.997" errors="0">
  <testcase name="Login" time="16.997" classname="project.PHPTravelers.Login_Test"/>
</testsuite> <!-- project.PHPTravelers.Login_Test -->
