<?xml version="1.0" encoding="UTF-8"?>
<!-- Generated by org.testng.reporters.JUnitReportReporter -->
<testsuite hostname="CBT-MH-000" name="project.PHPTravelers.Test_01" tests="1" failures="0" timestamp="30 Oct 2019 06:04:00 GMT" time="12.640" errors="0">
  <testcase name="userRegistration" time="12.640" classname="project.PHPTravelers.Test_01"/>
</testsuite> <!-- project.PHPTravelers.Test_01 -->
