<?xml version="1.0" encoding="UTF-8"?>
<!-- Generated by org.testng.reporters.JUnitReportReporter -->
<testsuite hostname="CBT-MH-000" name="project.PHPTravelers.Registration_Test" tests="1" failures="0" timestamp="31 Oct 2019 09:12:11 GMT" time="15.246" errors="0">
  <testcase name="userRegistration" time="15.246" classname="project.PHPTravelers.Registration_Test"/>
</testsuite> <!-- project.PHPTravelers.Registration_Test -->
