<?xml version="1.0" encoding="UTF-8"?>
<!-- Generated by org.testng.reporters.JUnitReportReporter -->
<testsuite hostname="CBT-MH-000" name="project.PHPTravelers.Flight_Test" tests="1" failures="0" timestamp="31 Oct 2019 09:12:10 GMT" time="28.626" errors="0">
  <testcase name="test" time="28.626" classname="project.PHPTravelers.Flight_Test"/>
</testsuite> <!-- project.PHPTravelers.Flight_Test -->
