<?xml version="1.0" encoding="UTF-8"?>
<!-- Generated by org.testng.reporters.JUnitReportReporter -->
<testsuite hostname="CBT-MH-000" name="project.PHPTravelers.Tour_05" tests="1" failures="0" timestamp="12 Oct 2019 06:15:19 GMT" time="22.020" errors="0">
  <testcase name="Tour_Details" time="22.020" classname="project.PHPTravelers.Tour_05"/>
</testsuite> <!-- project.PHPTravelers.Tour_05 -->
