<?xml version="1.0" encoding="UTF-8"?>
<!-- Generated by org.testng.reporters.JUnitReportReporter -->
<testsuite hostname="CBT-MH-000" name="project.PHPTravelers.Hotel_Search_01" tests="1" failures="0" timestamp="31 Oct 2019 09:12:11 GMT" time="20.212" errors="0">
  <testcase name="test" time="20.212" classname="project.PHPTravelers.Hotel_Search_01"/>
</testsuite> <!-- project.PHPTravelers.Hotel_Search_01 -->
