<?xml version="1.0" encoding="UTF-8"?>
<!-- Generated by org.testng.reporters.JUnitReportReporter -->
<testsuite skipped="0" hostname="CBT-MH-000" name="project.PHPTravelers.AppTest" tests="1" failures="0" timestamp="31 Oct 2019 06:25:27 GMT" time="0.196" errors="0">
  <testcase name="testApp" time="0.196" classname="project.PHPTravelers.AppTest"/>
</testsuite> <!-- project.PHPTravelers.AppTest -->
